<?xml version="1.0" encoding="UTF-8"?>
<!-- Generated by org.testng.reporters.JUnitXMLReporter -->
<testsuite ignored="0" hostname="RAHUL-JACOB" failures="0" tests="4" name="Test" time="7.785" errors="0" timestamp="2024-02-14T08:02:33 IST">
  <testcase classname="testscripts.ManageDeliveryBoyTest" name="verifyWhenUserSearchDeliveryBoyUsingCredentialsItDisplaysDetailsOfCorrespondingDeliveryBoy" time="0.085">
    <skipped/>
  </testcase> <!-- verifyWhenUserSearchDeliveryBoyUsingCredentialsItDisplaysDetailsOfCorrespondingDeliveryBoy -->
  <testcase classname="testscripts.MenuTest" name="verifyThatWhenClickedOnMenuItemsNavigatesToTheCorrespondingPage" time="0.079">
    <skipped/>
  </testcase> <!-- verifyThatWhenClickedOnMenuItemsNavigatesToTheCorrespondingPage -->
  <testcase classname="testscripts.ManageDeliveryBoyTest" name="verifyWhenUserSearchDeliveryBoyUsingCredentialsItDisplaysDetailsOfCorrespondingDeliveryBoy" time="1.858"/>
  <testcase classname="testscripts.MenuTest" name="verifyThatWhenClickedOnMenuItemsNavigatesToTheCorrespondingPage" time="3.229"/>
</testsuite> <!-- Test -->
