<?xml version="1.0" encoding="UTF-8"?>
<!-- Generated by org.testng.reporters.JUnitXMLReporter -->
<testsuite ignored="0" hostname="RAHUL-JACOB" failures="0" tests="13" name="Test" time="23.125" errors="0" timestamp="2024-02-10T10:29:18 IST">
  <testcase classname="testscripts.Base" name="@BeforeMethod initializeBrowser" time="3.672">
    <failure type="java.lang.NullPointerException" message="Cannot invoke &amp;quot;utilities.WaitUtility.ImplicitWait(org.openqa.selenium.WebDriver)&amp;quot; because &amp;quot;this.waitutility&amp;quot; is null">
      <![CDATA[java.lang.NullPointerException: Cannot invoke "utilities.WaitUtility.ImplicitWait(org.openqa.selenium.WebDriver)" because "this.waitutility" is null
at testscripts.Base.initializeBrowser(Base.java:40)
at java.base/java.util.ArrayList.forEach(ArrayList.java:1511)
... Removed 29 stack frames]]>
    </failure>
  </testcase> <!-- @BeforeMethod initializeBrowser -->
  <testcase classname="testscripts.Base" name="@AfterMethod driverQuit" time="0.0">
    <skipped/>
  </testcase> <!-- @AfterMethod driverQuit -->
  <testcase classname="testscripts.Base" name="@BeforeMethod initializeBrowser" time="0.0">
    <skipped/>
  </testcase> <!-- @BeforeMethod initializeBrowser -->
  <testcase classname="testscripts.Base" name="@AfterMethod driverQuit" time="0.0">
    <skipped/>
  </testcase> <!-- @AfterMethod driverQuit -->
  <testcase classname="testscripts.Base" name="@BeforeMethod initializeBrowser" time="0.0">
    <skipped/>
  </testcase> <!-- @BeforeMethod initializeBrowser -->
  <testcase classname="testscripts.Base" name="@AfterMethod driverQuit" time="0.0">
    <skipped/>
  </testcase> <!-- @AfterMethod driverQuit -->
  <testcase classname="testscripts.Base" name="@BeforeMethod initializeBrowser" time="0.0">
    <skipped/>
  </testcase> <!-- @BeforeMethod initializeBrowser -->
  <testcase classname="testscripts.Base" name="@AfterMethod driverQuit" time="0.0">
    <skipped/>
  </testcase> <!-- @AfterMethod driverQuit -->
  <testcase classname="testscripts.Base" name="@BeforeMethod initializeBrowser" time="1.463">
    <failure type="java.lang.NullPointerException" message="Cannot invoke &amp;quot;utilities.WaitUtility.ImplicitWait(org.openqa.selenium.WebDriver)&amp;quot; because &amp;quot;this.waitutility&amp;quot; is null">
      <![CDATA[java.lang.NullPointerException: Cannot invoke "utilities.WaitUtility.ImplicitWait(org.openqa.selenium.WebDriver)" because "this.waitutility" is null
at testscripts.Base.initializeBrowser(Base.java:40)
at java.base/java.util.ArrayList.forEach(ArrayList.java:1511)
... Removed 29 stack frames]]>
    </failure>
  </testcase> <!-- @BeforeMethod initializeBrowser -->
  <testcase classname="testscripts.Base" name="@AfterMethod driverQuit" time="0.0">
    <skipped/>
  </testcase> <!-- @AfterMethod driverQuit -->
  <testcase classname="testscripts.Base" name="@BeforeMethod initializeBrowser" time="1.447">
    <failure type="java.lang.NullPointerException" message="Cannot invoke &amp;quot;utilities.WaitUtility.ImplicitWait(org.openqa.selenium.WebDriver)&amp;quot; because &amp;quot;this.waitutility&amp;quot; is null">
      <![CDATA[java.lang.NullPointerException: Cannot invoke "utilities.WaitUtility.ImplicitWait(org.openqa.selenium.WebDriver)" because "this.waitutility" is null
at testscripts.Base.initializeBrowser(Base.java:40)
at java.base/java.util.ArrayList.forEach(ArrayList.java:1511)
... Removed 29 stack frames]]>
    </failure>
  </testcase> <!-- @BeforeMethod initializeBrowser -->
  <testcase classname="testscripts.Base" name="@AfterMethod driverQuit" time="0.0">
    <skipped/>
  </testcase> <!-- @AfterMethod driverQuit -->
  <testcase classname="testscripts.Base" name="@BeforeMethod initializeBrowser" time="1.528">
    <failure type="java.lang.NullPointerException" message="Cannot invoke &amp;quot;utilities.WaitUtility.ImplicitWait(org.openqa.selenium.WebDriver)&amp;quot; because &amp;quot;this.waitutility&amp;quot; is null">
      <![CDATA[java.lang.NullPointerException: Cannot invoke "utilities.WaitUtility.ImplicitWait(org.openqa.selenium.WebDriver)" because "this.waitutility" is null
at testscripts.Base.initializeBrowser(Base.java:40)
at java.base/java.util.ArrayList.forEach(ArrayList.java:1511)
... Removed 29 stack frames]]>
    </failure>
  </testcase> <!-- @BeforeMethod initializeBrowser -->
  <testcase classname="testscripts.Base" name="@AfterMethod driverQuit" time="0.0">
    <skipped/>
  </testcase> <!-- @AfterMethod driverQuit -->
  <testcase classname="testscripts.Base" name="@BeforeMethod initializeBrowser" time="1.416">
    <failure type="java.lang.NullPointerException" message="Cannot invoke &amp;quot;utilities.WaitUtility.ImplicitWait(org.openqa.selenium.WebDriver)&amp;quot; because &amp;quot;this.waitutility&amp;quot; is null">
      <![CDATA[java.lang.NullPointerException: Cannot invoke "utilities.WaitUtility.ImplicitWait(org.openqa.selenium.WebDriver)" because "this.waitutility" is null
at testscripts.Base.initializeBrowser(Base.java:40)
at java.base/java.util.ArrayList.forEach(ArrayList.java:1511)
... Removed 29 stack frames]]>
    </failure>
  </testcase> <!-- @BeforeMethod initializeBrowser -->
  <testcase classname="testscripts.Base" name="@AfterMethod driverQuit" time="0.0">
    <skipped/>
  </testcase> <!-- @AfterMethod driverQuit -->
  <testcase classname="testscripts.Base" name="@BeforeMethod initializeBrowser" time="1.55">
    <failure type="java.lang.NullPointerException" message="Cannot invoke &amp;quot;utilities.WaitUtility.ImplicitWait(org.openqa.selenium.WebDriver)&amp;quot; because &amp;quot;this.waitutility&amp;quot; is null">
      <![CDATA[java.lang.NullPointerException: Cannot invoke "utilities.WaitUtility.ImplicitWait(org.openqa.selenium.WebDriver)" because "this.waitutility" is null
at testscripts.Base.initializeBrowser(Base.java:40)
at java.base/java.util.ArrayList.forEach(ArrayList.java:1511)
... Removed 29 stack frames]]>
    </failure>
  </testcase> <!-- @BeforeMethod initializeBrowser -->
  <testcase classname="testscripts.Base" name="@AfterMethod driverQuit" time="0.0">
    <skipped/>
  </testcase> <!-- @AfterMethod driverQuit -->
  <testcase classname="testscripts.Base" name="@BeforeMethod initializeBrowser" time="1.402">
    <failure type="java.lang.NullPointerException" message="Cannot invoke &amp;quot;utilities.WaitUtility.ImplicitWait(org.openqa.selenium.WebDriver)&amp;quot; because &amp;quot;this.waitutility&amp;quot; is null">
      <![CDATA[java.lang.NullPointerException: Cannot invoke "utilities.WaitUtility.ImplicitWait(org.openqa.selenium.WebDriver)" because "this.waitutility" is null
at testscripts.Base.initializeBrowser(Base.java:40)
at java.base/java.util.ArrayList.forEach(ArrayList.java:1511)
... Removed 29 stack frames]]>
    </failure>
  </testcase> <!-- @BeforeMethod initializeBrowser -->
  <testcase classname="testscripts.Base" name="@AfterMethod driverQuit" time="0.0">
    <skipped/>
  </testcase> <!-- @AfterMethod driverQuit -->
  <testcase classname="testscripts.Base" name="@BeforeMethod initializeBrowser" time="1.613">
    <failure type="java.lang.NullPointerException" message="Cannot invoke &amp;quot;utilities.WaitUtility.ImplicitWait(org.openqa.selenium.WebDriver)&amp;quot; because &amp;quot;this.waitutility&amp;quot; is null">
      <![CDATA[java.lang.NullPointerException: Cannot invoke "utilities.WaitUtility.ImplicitWait(org.openqa.selenium.WebDriver)" because "this.waitutility" is null
at testscripts.Base.initializeBrowser(Base.java:40)
at java.base/java.util.ArrayList.forEach(ArrayList.java:1511)
... Removed 29 stack frames]]>
    </failure>
  </testcase> <!-- @BeforeMethod initializeBrowser -->
  <testcase classname="testscripts.Base" name="@AfterMethod driverQuit" time="0.0">
    <skipped/>
  </testcase> <!-- @AfterMethod driverQuit -->
  <testcase classname="testscripts.Base" name="@BeforeMethod initializeBrowser" time="3.261">
    <failure type="java.lang.NullPointerException" message="Cannot invoke &amp;quot;utilities.WaitUtility.ImplicitWait(org.openqa.selenium.WebDriver)&amp;quot; because &amp;quot;this.waitutility&amp;quot; is null">
      <![CDATA[java.lang.NullPointerException: Cannot invoke "utilities.WaitUtility.ImplicitWait(org.openqa.selenium.WebDriver)" because "this.waitutility" is null
at testscripts.Base.initializeBrowser(Base.java:40)
at java.base/java.util.ArrayList.forEach(ArrayList.java:1511)
... Removed 29 stack frames]]>
    </failure>
  </testcase> <!-- @BeforeMethod initializeBrowser -->
  <testcase classname="testscripts.Base" name="@AfterMethod driverQuit" time="0.0">
    <skipped/>
  </testcase> <!-- @AfterMethod driverQuit -->
  <testcase classname="testscripts.Base" name="@BeforeMethod initializeBrowser" time="5.068">
    <failure type="java.lang.NullPointerException" message="Cannot invoke &amp;quot;utilities.WaitUtility.ImplicitWait(org.openqa.selenium.WebDriver)&amp;quot; because &amp;quot;this.waitutility&amp;quot; is null">
      <![CDATA[java.lang.NullPointerException: Cannot invoke "utilities.WaitUtility.ImplicitWait(org.openqa.selenium.WebDriver)" because "this.waitutility" is null
at testscripts.Base.initializeBrowser(Base.java:40)
at java.base/java.util.ArrayList.forEach(ArrayList.java:1511)
... Removed 29 stack frames]]>
    </failure>
  </testcase> <!-- @BeforeMethod initializeBrowser -->
  <testcase classname="testscripts.Base" name="@AfterMethod driverQuit" time="0.0">
    <skipped/>
  </testcase> <!-- @AfterMethod driverQuit -->
  <testcase classname="testscripts.LoginTest" name="VerifyWhetherUserCanLoginUsingBothInvalidCredentials" time="0.0">
    <skipped/>
  </testcase> <!-- VerifyWhetherUserCanLoginUsingBothInvalidCredentials -->
  <testcase classname="testscripts.LoginTest" name="VerifyWhetherUserCanLoginUsingInvalidUsernameButValidPassword" time="0.0">
    <skipped/>
  </testcase> <!-- VerifyWhetherUserCanLoginUsingInvalidUsernameButValidPassword -->
  <testcase classname="testscripts.LoginTest" name="VerifyWhetherUserCanLoginUsingValidUsernameButInvalidPassword" time="0.0">
    <skipped/>
  </testcase> <!-- VerifyWhetherUserCanLoginUsingValidUsernameButInvalidPassword -->
  <testcase classname="testscripts.LoginTest" name="verifyWhetherUserCanLoginUsingBothValidCredentials" time="0.0">
    <skipped/>
  </testcase> <!-- verifyWhetherUserCanLoginUsingBothValidCredentials -->
  <testcase classname="testscripts.AdminUsersTest" name="verifyThatANewAdminUserCanBeAddedToAdminUsersTable" time="0.0">
    <skipped/>
  </testcase> <!-- verifyThatANewAdminUserCanBeAddedToAdminUsersTable -->
  <testcase classname="testscripts.AddLocationsTest" name="verifyWetherUserCanAddNewLocation" time="0.0">
    <skipped/>
  </testcase> <!-- verifyWetherUserCanAddNewLocation -->
  <testcase classname="testscripts.ManageDeliveryBoyTest" name="verifyWhenUserSearchDeliveryBoyUsingCredentialsItDisplaysDetailsOfCorrespondingDeliveryBoy" time="0.0">
    <skipped/>
  </testcase> <!-- verifyWhenUserSearchDeliveryBoyUsingCredentialsItDisplaysDetailsOfCorrespondingDeliveryBoy -->
  <testcase classname="testscripts.ManageOfferCodeTest" name="verifyWhetherTheUserIsAbleToAddANewOfferCodeInTheManageOfferCodePage" time="0.0">
    <skipped/>
  </testcase> <!-- verifyWhetherTheUserIsAbleToAddANewOfferCodeInTheManageOfferCodePage -->
  <testcase classname="testscripts.ManageOrdersTest" name="verifyThatTheUserCanSeeTheOrderDetailsInTheManageOrdersPage" time="0.0">
    <skipped/>
  </testcase> <!-- verifyThatTheUserCanSeeTheOrderDetailsInTheManageOrdersPage -->
  <testcase classname="testscripts.ManageSlidersTest" name="verifyThatUserIsAbleToUploadAnImageAndLinkToListSliders" time="0.0">
    <skipped/>
  </testcase> <!-- verifyThatUserIsAbleToUploadAnImageAndLinkToListSliders -->
  <testcase classname="testscripts.MenuTest" name="verifyThatWhenClickedOnMenuItemsNavigatesToTheCorrespondingPage" time="0.0">
    <skipped/>
  </testcase> <!-- verifyThatWhenClickedOnMenuItemsNavigatesToTheCorrespondingPage -->
  <testcase classname="testscripts.MobileSliderTest" name="verifyThatTheUserCanAddANewSliderInTheMobileSliderPage" time="0.0">
    <skipped/>
  </testcase> <!-- verifyThatTheUserCanAddANewSliderInTheMobileSliderPage -->
  <testcase classname="testscripts.PushNotificationTest" name="verifyThatTheUserCanSendAMessageInPushNotificationPage" time="0.0">
    <skipped/>
  </testcase> <!-- verifyThatTheUserCanSendAMessageInPushNotificationPage -->
</testsuite> <!-- Test -->
