<?xml version="1.0" encoding="UTF-8"?>
<!-- Generated by org.testng.reporters.JUnitXMLReporter -->
<testsuite ignored="2" hostname="RAHUL-JACOB" failures="0" tests="2" name="Test" time="5.523" errors="0" timestamp="2024-02-14T07:59:12 IST">
  <testcase classname="testscripts.LoginTest" name="VerifyWhetherUserCanLoginUsingValidUsernameButInvalidPassword" time="0.868"/>
  <testcase classname="testscripts.LoginTest" name="verifyWhetherUserCanLoginUsingBothValidCredentials" time="0.535"/>
  <testcase classname="testscripts.LoginTest" name="VerifyWhetherUserCanLoginUsingBothInvalidCredentials" time="0.0">
    <ignored/>
  </testcase> <!-- VerifyWhetherUserCanLoginUsingBothInvalidCredentials -->
  <testcase classname="testscripts.LoginTest" name="VerifyWhetherUserCanLoginUsingInvalidUsernameButValidPassword" time="0.0">
    <ignored/>
  </testcase> <!-- VerifyWhetherUserCanLoginUsingInvalidUsernameButValidPassword -->
</testsuite> <!-- Test -->
