<?xml version="1.0" encoding="UTF-8"?>
<!-- Generated by org.testng.reporters.JUnitXMLReporter -->
<testsuite ignored="0" hostname="RAHUL-JACOB" failures="0" tests="2" name="ChromeTest" time="7.786" errors="0" timestamp="2024-02-12T07:27:08 IST">
  <testcase classname="testscripts.ManageSlidersTest" name="verifyThatUserIsAbleToUploadAnImageAndLinkToListSliders" time="0.108">
    <skipped/>
  </testcase> <!-- verifyThatUserIsAbleToUploadAnImageAndLinkToListSliders -->
  <testcase classname="testscripts.ManageSlidersTest" name="verifyThatUserIsAbleToUploadAnImageAndLinkToListSliders" time="2.839"/>
</testsuite> <!-- ChromeTest -->
